#
# There is insufficient memory for the Java Runtime Environment to continue.
# Native memory allocation (malloc) failed to allocate 2157424 bytes. Error detail: Chunk::new
# Possible reasons:
#   The system is out of physical RAM or swap space
#   This process is running with CompressedOops enabled, and the Java Heap may be blocking the growth of the native heap
# Possible solutions:
#   Reduce memory load on the system
#   Increase physical memory or swap space
#   Check if swap backing store is full
#   Decrease Java heap size (-Xmx/-Xms)
#   Decrease number of Java threads
#   Decrease Java thread stack sizes (-Xss)
#   Set larger code cache with -XX:ReservedCodeCacheSize=
#   JVM is running with Unscaled Compressed Oops mode in which the Java heap is
#     placed in the first 4GB address space. The Java Heap base address is the
#     maximum limit for the native heap growth. Please use -XX:HeapBaseMinAddress
#     to set the Java Heap base and to place the Java Heap above 4GB virtual address.
# This output file may be truncated or incomplete.
#
#  Out of Memory Error (arena.cpp:168), pid=23136, tid=2564
#
# JRE version: OpenJDK Runtime Environment Temurin-21.0.9+10 (21.0.9+10) (build 21.0.9+10-LTS)
# Java VM: OpenJDK 64-Bit Server VM Temurin-21.0.9+10 (21.0.9+10-LTS, mixed mode, sharing, tiered, compressed oops, compressed class ptrs, parallel gc, windows-amd64)
# No core dump will be written. Minidumps are not enabled by default on client versions of Windows
#

---------------  S U M M A R Y ------------

Command Line: --add-modules=ALL-SYSTEM --add-opens=java.base/java.util=ALL-UNNAMED --add-opens=java.base/java.lang=ALL-UNNAMED --add-opens=java.base/sun.nio.fs=ALL-UNNAMED -Declipse.application=org.eclipse.jdt.ls.core.id1 -Dosgi.bundles.defaultStartLevel=4 -Declipse.product=org.eclipse.jdt.ls.core.product -Djava.import.generatesMetadataFilesAtProjectRoot=false -DDetectVMInstallationsJob.disabled=true -Dfile.encoding=utf8 -XX:+UseParallelGC -XX:GCTimeRatio=4 -XX:AdaptiveSizePolicyWeight=90 -Dsun.zip.disableMemoryMapping=true -Xmx2G -Xms100m -Xlog:disable -javaagent:c:\Users\Lenovo\.cursor\extensions\redhat.java-1.50.0-win32-x64\lombok\lombok-1.18.39-4050.jar -XX:+HeapDumpOnOutOfMemoryError -XX:HeapDumpPath=c:\Users\Lenovo\AppData\Roaming\Cursor\User\workspaceStorage\d4e517c99e0655b426f49b486ab692df\redhat.java -Daether.dependencyCollector.impl=bf c:\Users\Lenovo\.cursor\extensions\redhat.java-1.50.0-win32-x64\server\plugins\org.eclipse.equinox.launcher_1.7.100.v20251111-0406.jar -configuration c:\Users\Lenovo\AppData\Roaming\Cursor\User\globalStorage\redhat.java\1.50.0\config_win -data c:\Users\Lenovo\AppData\Roaming\Cursor\User\workspaceStorage\d4e517c99e0655b426f49b486ab692df\redhat.java\jdt_ws --pipe=\\.\pipe\lsp-ee07063e5b22ec4a8c0dadf04a9a57bf-sock

Host: AMD Ryzen 3 7320U with Radeon Graphics         , 8 cores, 5G,  Windows 11 , 64 bit Build 26100 (10.0.26100.7309)
Time: Thu Dec  4 11:56:01 2025 India Standard Time elapsed time: 46.046118 seconds (0d 0h 0m 46s)

---------------  T H R E A D  ---------------

Current thread (0x000001e26f23f770):  JavaThread "C2 CompilerThread2" daemon [_thread_in_native, id=2564, stack(0x0000004e1c500000,0x0000004e1c600000) (1024K)]


Current CompileTask:
C2:46046 5947   !   4       org.eclipse.osgi.internal.loader.classpath.ClasspathManager::defineClass (636 bytes)

Stack: [0x0000004e1c500000,0x0000004e1c600000]
Native frames: (J=compiled Java code, j=interpreted, Vv=VM code, C=native code)
V  [jvm.dll+0x6d6e29]
V  [jvm.dll+0x8b4b76]
V  [jvm.dll+0x8b712e]
V  [jvm.dll+0x8b7813]
V  [jvm.dll+0x283d86]
V  [jvm.dll+0xc66ed]
V  [jvm.dll+0xc6c31]
V  [jvm.dll+0x3be53b]
V  [jvm.dll+0x1e3d59]
V  [jvm.dll+0x24c0f3]
V  [jvm.dll+0x24b580]
V  [jvm.dll+0x1cb13e]
V  [jvm.dll+0x25b29d]
V  [jvm.dll+0x25982a]
V  [jvm.dll+0x3f7ea6]
V  [jvm.dll+0x85e9ad]
V  [jvm.dll+0x6d565d]
C  [ucrtbase.dll+0x37b0]
C  [KERNEL32.DLL+0x2e8d7]
C  [ntdll.dll+0x8c53c]


---------------  P R O C E S S  ---------------

Threads class SMR info:
_java_thread_list=0x000001e26f561880, length=43, elements={
0x000001e210bbfbb0, 0x000001e210c7dc60, 0x000001e210b33fa0, 0x000001e210b38cd0,
0x000001e210b39920, 0x000001e210b3fca0, 0x000001e210b43e50, 0x000001e210b4a410,
0x000001e210b5de70, 0x000001e26e226b80, 0x000001e26e28b650, 0x000001e26eab2300,
0x000001e26ebfc5d0, 0x000001e26e1809d0, 0x000001e26e41e4a0, 0x000001e26e2bec80,
0x000001e26e52bde0, 0x000001e26ef74600, 0x000001e26ed97950, 0x000001e26f982560,
0x000001e26f980b20, 0x000001e26fb64190, 0x000001e26f983910, 0x000001e26f983280,
0x000001e26f983fa0, 0x000001e26f9811b0, 0x000001e26f981840, 0x000001e26f981ed0,
0x000001e26f23f770, 0x000001e26f982bf0, 0x000001e270d8c8c0, 0x000001e270d8ae80,
0x000001e270d8b510, 0x000001e270d8d5e0, 0x000001e270d8cf50, 0x000001e270d8a160,
0x000001e270d8bba0, 0x000001e270d8a7f0, 0x000001e270d8f020, 0x000001e270d8f6b0,
0x000001e270d8e990, 0x000001e270d8e300, 0x000001e270d8fd40
}

Java Threads: ( => current thread )
  0x000001e210bbfbb0 JavaThread "main"                              [_thread_blocked, id=20164, stack(0x0000004e19c00000,0x0000004e19d00000) (1024K)]
  0x000001e210c7dc60 JavaThread "Reference Handler"          daemon [_thread_blocked, id=25900, stack(0x0000004e1a000000,0x0000004e1a100000) (1024K)]
  0x000001e210b33fa0 JavaThread "Finalizer"                  daemon [_thread_blocked, id=4416, stack(0x0000004e1a100000,0x0000004e1a200000) (1024K)]
  0x000001e210b38cd0 JavaThread "Signal Dispatcher"          daemon [_thread_blocked, id=13944, stack(0x0000004e1a200000,0x0000004e1a300000) (1024K)]
  0x000001e210b39920 JavaThread "Attach Listener"            daemon [_thread_blocked, id=2832, stack(0x0000004e1a300000,0x0000004e1a400000) (1024K)]
  0x000001e210b3fca0 JavaThread "Service Thread"             daemon [_thread_blocked, id=24716, stack(0x0000004e1a400000,0x0000004e1a500000) (1024K)]
  0x000001e210b43e50 JavaThread "Monitor Deflation Thread"   daemon [_thread_blocked, id=12436, stack(0x0000004e1a500000,0x0000004e1a600000) (1024K)]
  0x000001e210b4a410 JavaThread "C2 CompilerThread0"         daemon [_thread_in_native, id=20184, stack(0x0000004e1a600000,0x0000004e1a700000) (1024K)]
  0x000001e210b5de70 JavaThread "C1 CompilerThread0"         daemon [_thread_blocked, id=2464, stack(0x0000004e1a700000,0x0000004e1a800000) (1024K)]
  0x000001e26e226b80 JavaThread "Common-Cleaner"             daemon [_thread_blocked, id=14068, stack(0x0000004e1a800000,0x0000004e1a900000) (1024K)]
  0x000001e26e28b650 JavaThread "Notification Thread"        daemon [_thread_blocked, id=13832, stack(0x0000004e1a900000,0x0000004e1aa00000) (1024K)]
  0x000001e26eab2300 JavaThread "Active Thread: Equinox Container: 9bb695ff-bdd4-4774-86f4-6e0be25931bc"        [_thread_blocked, id=11396, stack(0x0000004e1aa00000,0x0000004e1ab00000) (1024K)]
  0x000001e26ebfc5d0 JavaThread "Refresh Thread: Equinox Container: 9bb695ff-bdd4-4774-86f4-6e0be25931bc" daemon [_thread_blocked, id=12872, stack(0x0000004e1b100000,0x0000004e1b200000) (1024K)]
  0x000001e26e1809d0 JavaThread "Framework Event Dispatcher: Equinox Container: 9bb695ff-bdd4-4774-86f4-6e0be25931bc" daemon [_thread_blocked, id=13792, stack(0x0000004e1b300000,0x0000004e1b400000) (1024K)]
  0x000001e26e41e4a0 JavaThread "Start Level: Equinox Container: 9bb695ff-bdd4-4774-86f4-6e0be25931bc" daemon [_thread_blocked, id=27864, stack(0x0000004e1b400000,0x0000004e1b500000) (1024K)]
  0x000001e26e2bec80 JavaThread "Bundle File Closer"         daemon [_thread_blocked, id=16800, stack(0x0000004e1b500000,0x0000004e1b600000) (1024K)]
  0x000001e26e52bde0 JavaThread "SCR Component Actor"        daemon [_thread_blocked, id=10792, stack(0x0000004e1b600000,0x0000004e1b700000) (1024K)]
  0x000001e26ef74600 JavaThread "Worker-JM"                         [_thread_blocked, id=30828, stack(0x0000004e1b800000,0x0000004e1b900000) (1024K)]
  0x000001e26ed97950 JavaThread "JNA Cleaner"                daemon [_thread_blocked, id=32528, stack(0x0000004e1b700000,0x0000004e1b800000) (1024K)]
  0x000001e26f982560 JavaThread "Worker-0"                          [_thread_blocked, id=28184, stack(0x0000004e1b900000,0x0000004e1ba00000) (1024K)]
  0x000001e26f980b20 JavaThread "Worker-1"                          [_thread_blocked, id=15740, stack(0x0000004e1ba00000,0x0000004e1bb00000) (1024K)]
  0x000001e26fb64190 JavaThread "C2 CompilerThread1"         daemon [_thread_in_native, id=9416, stack(0x0000004e1bb00000,0x0000004e1bc00000) (1024K)]
  0x000001e26f983910 JavaThread "Worker-2"                          [_thread_blocked, id=30216, stack(0x0000004e1bc00000,0x0000004e1bd00000) (1024K)]
  0x000001e26f983280 JavaThread "Worker-3"                          [_thread_blocked, id=20676, stack(0x0000004e1bd00000,0x0000004e1be00000) (1024K)]
  0x000001e26f983fa0 JavaThread "Java indexing"              daemon [_thread_blocked, id=28496, stack(0x0000004e1be00000,0x0000004e1bf00000) (1024K)]
  0x000001e26f9811b0 JavaThread "Worker-4: Initialize Workspace"        [_thread_in_native, id=9208, stack(0x0000004e1c200000,0x0000004e1c300000) (1024K)]
  0x000001e26f981840 JavaThread "Worker-5"                          [_thread_blocked, id=33468, stack(0x0000004e1c300000,0x0000004e1c400000) (1024K)]
  0x000001e26f981ed0 JavaThread "Worker-6"                          [_thread_blocked, id=28960, stack(0x0000004e1c400000,0x0000004e1c500000) (1024K)]
=>0x000001e26f23f770 JavaThread "C2 CompilerThread2"         daemon [_thread_in_native, id=2564, stack(0x0000004e1c500000,0x0000004e1c600000) (1024K)]
  0x000001e26f982bf0 JavaThread "Thread-1"                   daemon [_thread_in_native, id=14968, stack(0x0000004e1c600000,0x0000004e1c700000) (1024K)]
  0x000001e270d8c8c0 JavaThread "Thread-2"                   daemon [_thread_in_native, id=26556, stack(0x0000004e1c700000,0x0000004e1c800000) (1024K)]
  0x000001e270d8ae80 JavaThread "Thread-3"                   daemon [_thread_in_native, id=25260, stack(0x0000004e1c800000,0x0000004e1c900000) (1024K)]
  0x000001e270d8b510 JavaThread "Thread-4"                   daemon [_thread_in_native, id=32828, stack(0x0000004e1c900000,0x0000004e1ca00000) (1024K)]
  0x000001e270d8d5e0 JavaThread "Thread-5"                   daemon [_thread_in_native, id=2844, stack(0x0000004e1ca00000,0x0000004e1cb00000) (1024K)]
  0x000001e270d8cf50 JavaThread "Thread-6"                   daemon [_thread_in_native, id=31420, stack(0x0000004e1cb00000,0x0000004e1cc00000) (1024K)]
  0x000001e270d8a160 JavaThread "Thread-7"                   daemon [_thread_in_native, id=13356, stack(0x0000004e1cc00000,0x0000004e1cd00000) (1024K)]
  0x000001e270d8bba0 JavaThread "Thread-8"                   daemon [_thread_in_native, id=27896, stack(0x0000004e1cd00000,0x0000004e1ce00000) (1024K)]
  0x000001e270d8a7f0 JavaThread "Thread-9"                   daemon [_thread_in_native, id=32636, stack(0x0000004e1ce00000,0x0000004e1cf00000) (1024K)]
  0x000001e270d8f020 JavaThread "pool-2-thread-1"                   [_thread_blocked, id=12256, stack(0x0000004e1cf00000,0x0000004e1d000000) (1024K)]
  0x000001e270d8f6b0 JavaThread "WorkspaceEventsHandler"            [_thread_blocked, id=15332, stack(0x0000004e1d000000,0x0000004e1d100000) (1024K)]
  0x000001e270d8e990 JavaThread "pool-1-thread-1"                   [_thread_blocked, id=31152, stack(0x0000004e1d100000,0x0000004e1d200000) (1024K)]
  0x000001e270d8e300 JavaThread "ForkJoinPool.commonPool-worker-1" daemon [_thread_blocked, id=9280, stack(0x0000004e1d200000,0x0000004e1d300000) (1024K)]
  0x000001e270d8fd40 JavaThread "ForkJoinPool.commonPool-worker-2" daemon [_thread_blocked, id=9432, stack(0x0000004e1d300000,0x0000004e1d400000) (1024K)]
Total: 43

Other Threads:
  0x000001e210b33840 VMThread "VM Thread"                           [id=7400, stack(0x0000004e19f00000,0x0000004e1a000000) (1024K)]
  0x000001e210a4ba00 WatcherThread "VM Periodic Task Thread"        [id=33504, stack(0x0000004e19e00000,0x0000004e19f00000) (1024K)]
  0x000001e210bdcda0 WorkerThread "GC Thread#0"                     [id=26684, stack(0x0000004e19d00000,0x0000004e19e00000) (1024K)]
  0x000001e26e4e8e20 WorkerThread "GC Thread#1"                     [id=18960, stack(0x0000004e1ab00000,0x0000004e1ac00000) (1024K)]
  0x000001e26e4e7fa0 WorkerThread "GC Thread#2"                     [id=33508, stack(0x0000004e1ac00000,0x0000004e1ad00000) (1024K)]
  0x000001e26e4e8340 WorkerThread "GC Thread#3"                     [id=6876, stack(0x0000004e1ad00000,0x0000004e1ae00000) (1024K)]
  0x000001e26e4e91c0 WorkerThread "GC Thread#4"                     [id=25324, stack(0x0000004e1ae00000,0x0000004e1af00000) (1024K)]
  0x000001e26e4e9900 WorkerThread "GC Thread#5"                     [id=15884, stack(0x0000004e1af00000,0x0000004e1b000000) (1024K)]
  0x000001e26e4e86e0 WorkerThread "GC Thread#6"                     [id=21144, stack(0x0000004e1b000000,0x0000004e1b100000) (1024K)]
  0x000001e26e6e18d0 WorkerThread "GC Thread#7"                     [id=2504, stack(0x0000004e1b200000,0x0000004e1b300000) (1024K)]
Total: 10

Threads with active compile tasks:
C2 CompilerThread0  47115 6047       4       org.eclipse.osgi.internal.loader.BundleLoader::addExportedProvidersFor (167 bytes)
C2 CompilerThread1  47115 6001   !   4       org.eclipse.osgi.internal.loader.BundleLoader::findRequiredSource (283 bytes)
C2 CompilerThread2  47115 5947   !   4       org.eclipse.osgi.internal.loader.classpath.ClasspathManager::defineClass (636 bytes)
Total: 3

VM state: not at safepoint (normal execution)

VM Mutex/Monitor currently owned by a thread: None

Heap address: 0x0000000080000000, size: 2048 MB, Compressed Oops mode: 32-bit

CDS archive(s) mapped at: [0x000001e228000000-0x000001e228ba0000-0x000001e228ba0000), size 12189696, SharedBaseAddress: 0x000001e228000000, ArchiveRelocationMode: 1.
Compressed class space mapped at: 0x000001e229000000-0x000001e269000000, reserved size: 1073741824
Narrow klass base: 0x000001e228000000, Narrow klass shift: 0, Narrow klass range: 0x100000000

GC Precious Log:
 CardTable entry size: 512
 CPUs: 8 total, 8 available
 Memory: 5965M
 Large Page Support: Disabled
 NUMA Support: Disabled
 Compressed Oops: Enabled (32-bit)
 Alignments: Space 512K, Generation 512K, Heap 2M
 Heap Min Capacity: 100M
 Heap Initial Capacity: 100M
 Heap Max Capacity: 2G
 Pre-touch: Disabled
 Parallel Workers: 8

Heap:
 PSYoungGen      total 23040K, used 4549K [0x00000000d5580000, 0x00000000d6f80000, 0x0000000100000000)
  eden space 22016K, 17% used [0x00000000d5580000,0x00000000d5931478,0x00000000d6b00000)
  from space 1024K, 75% used [0x00000000d6e80000,0x00000000d6f40000,0x00000000d6f80000)
  to   space 1536K, 0% used [0x00000000d6c80000,0x00000000d6c80000,0x00000000d6e00000)
 ParOldGen       total 68608K, used 23502K [0x0000000080000000, 0x0000000084300000, 0x00000000d5580000)
  object space 68608K, 34% used [0x0000000080000000,0x00000000816f3ab0,0x0000000084300000)
 Metaspace       used 46500K, committed 47680K, reserved 1114112K
  class space    used 5079K, committed 5632K, reserved 1048576K

Card table byte_map: [0x000001e210560000,0x000001e210970000] _byte_map_base: 0x000001e210160000

Marking Bits: (ParMarkBitMap*) 0x00007fff99082460
 Begin Bits: [0x000001e223070000, 0x000001e225070000)
 End Bits:   [0x000001e225070000, 0x000001e227070000)

Polling page: 0x000001e20ea00000

Metaspace:

Usage:
  Non-class:     40.45 MB used.
      Class:      4.96 MB used.
       Both:     45.41 MB used.

Virtual space:
  Non-class space:       64.00 MB reserved,      41.06 MB ( 64%) committed,  1 nodes.
      Class space:        1.00 GB reserved,       5.50 MB ( <1%) committed,  1 nodes.
             Both:        1.06 GB reserved,      46.56 MB (  4%) committed. 

Chunk freelists:
   Non-Class:  6.75 MB
       Class:  10.42 MB
        Both:  17.17 MB

MaxMetaspaceSize: unlimited
CompressedClassSpaceSize: 1.00 GB
Initial GC threshold: 21.00 MB
Current GC threshold: 58.38 MB
CDS: on
 - commit_granule_bytes: 65536.
 - commit_granule_words: 8192.
 - virtual_space_node_default_size: 8388608.
 - enlarge_chunks_in_place: 1.
 - use_allocation_guard: 0.


Internal statistics:

num_allocs_failed_limit: 6.
num_arena_births: 814.
num_arena_deaths: 14.
num_vsnodes_births: 2.
num_vsnodes_deaths: 0.
num_space_committed: 745.
num_space_uncommitted: 0.
num_chunks_returned_to_freelist: 20.
num_chunks_taken_from_freelist: 2918.
num_chunk_merges: 12.
num_chunk_splits: 1784.
num_chunks_enlarged: 987.
num_inconsistent_stats: 0.

CodeHeap 'non-profiled nmethods': size=120000Kb used=2720Kb max_used=2720Kb free=117280Kb
 bounds [0x000001e21b890000, 0x000001e21bb40000, 0x000001e222dc0000]
CodeHeap 'profiled nmethods': size=120000Kb used=11571Kb max_used=11571Kb free=108428Kb
 bounds [0x000001e213dc0000, 0x000001e214910000, 0x000001e21b2f0000]
CodeHeap 'non-nmethods': size=5760Kb used=1419Kb max_used=1419Kb free=4340Kb
 bounds [0x000001e21b2f0000, 0x000001e21b560000, 0x000001e21b890000]
CodeCache: size=245760Kb, used=15710Kb, max_used=15710Kb, free=230048Kb
 total_blobs=6319, nmethods=5649, adapters=574, full_count=0
Compilation: enabled, stopped_count=0, restarted_count=0

Compilation events (20 events):
Event: 43.856 Thread 0x000001e210b5de70 nmethod 6248 0x000001e214902a90 code [0x000001e214902ca0, 0x000001e214903088]
Event: 43.864 Thread 0x000001e210b5de70 6250   !   2       org.eclipse.jdt.ls.core.internal.CancellableProgressMonitor::isCanceled (33 bytes)
Event: 43.864 Thread 0x000001e210b5de70 nmethod 6250 0x000001e214903390 code [0x000001e214903540, 0x000001e214903710]
Event: 43.881 Thread 0x000001e210b5de70 6251       2       org.eclipse.core.runtime.Assert::isLegal (15 bytes)
Event: 43.882 Thread 0x000001e210b5de70 nmethod 6251 0x000001e214903810 code [0x000001e2149039c0, 0x000001e214903b60]
Event: 43.894 Thread 0x000001e210b5de70 6252       2       org.eclipse.jdt.ls.core.internal.handlers.ProgressReporterManager$MulticastProgressReporter::isCanceled (45 bytes)
Event: 43.894 Thread 0x000001e210b5de70 nmethod 6252 0x000001e214903c10 code [0x000001e214903e00, 0x000001e2149040c8]
Event: 43.908 Thread 0x000001e210b5de70 6253   !   2       sun.nio.fs.WindowsNativeDispatcher::FindFirstFile (75 bytes)
Event: 43.908 Thread 0x000001e210b5de70 nmethod 6253 0x000001e214904210 code [0x000001e214904420, 0x000001e214904738]
Event: 43.908 Thread 0x000001e210b5de70 6254       2       sun.nio.fs.WindowsNativeDispatcher$FirstFile::<init> (5 bytes)
Event: 43.908 Thread 0x000001e210b5de70 nmethod 6254 0x000001e214904a90 code [0x000001e214904c20, 0x000001e214904d28]
Event: 43.908 Thread 0x000001e210b5de70 6255       2       sun.nio.fs.WindowsFileAttributes::getBufferForFindData (7 bytes)
Event: 43.909 Thread 0x000001e210b5de70 nmethod 6255 0x000001e214904e10 code [0x000001e214904fe0, 0x000001e2149051c8]
Event: 43.909 Thread 0x000001e210b5de70 6256       2       org.eclipse.jdt.ls.core.internal.managers.BasicFileDetector$1::preVisitDirectory (10 bytes)
Event: 43.909 Thread 0x000001e210b5de70 nmethod 6256 0x000001e214905310 code [0x000001e2149054c0, 0x000001e214905640]
Event: 43.909 Thread 0x000001e210b5de70 6257       2       org.eclipse.jdt.ls.core.internal.managers.BasicFileDetector$1::preVisitDirectory (98 bytes)
Event: 43.910 Thread 0x000001e210b5de70 nmethod 6257 0x000001e214905710 code [0x000001e214905920, 0x000001e214905cc0]
Event: 43.911 Thread 0x000001e210b5de70 6258       1       jdk.internal.event.ThreadSleepEvent::isEnabled (2 bytes)
Event: 43.911 Thread 0x000001e210b5de70 nmethod 6258 0x000001e21bb37710 code [0x000001e21bb378a0, 0x000001e21bb37968]
Event: 44.015 Thread 0x000001e210b5de70 6262       2       java.util.ArrayDeque::removeFirst (19 bytes)

GC Heap History (20 events):
Event: 40.299 GC heap before
{Heap before GC invocations=11 (full 1):
 PSYoungGen      total 26112K, used 26082K [0x00000000d5580000, 0x00000000d7400000, 0x0000000100000000)
  eden space 23552K, 99% used [0x00000000d5580000,0x00000000d6c7f400,0x00000000d6c80000)
  from space 2560K, 98% used [0x00000000d6f80000,0x00000000d71f9718,0x00000000d7200000)
  to   space 2048K, 0% used [0x00000000d7200000,0x00000000d7200000,0x00000000d7400000)
 ParOldGen       total 68608K, used 13062K [0x0000000080000000, 0x0000000084300000, 0x00000000d5580000)
  object space 68608K, 19% used [0x0000000080000000,0x0000000080cc1a70,0x0000000084300000)
 Metaspace       used 28117K, committed 28992K, reserved 1114112K
  class space    used 2790K, committed 3136K, reserved 1048576K
}
Event: 40.302 GC heap after
{Heap after GC invocations=11 (full 1):
 PSYoungGen      total 25088K, used 1563K [0x00000000d5580000, 0x00000000d7400000, 0x0000000100000000)
  eden space 23040K, 0% used [0x00000000d5580000,0x00000000d5580000,0x00000000d6c00000)
  from space 2048K, 76% used [0x00000000d7200000,0x00000000d7386da0,0x00000000d7400000)
  to   space 2048K, 0% used [0x00000000d7000000,0x00000000d7000000,0x00000000d7200000)
 ParOldGen       total 68608K, used 14431K [0x0000000080000000, 0x0000000084300000, 0x00000000d5580000)
  object space 68608K, 21% used [0x0000000080000000,0x0000000080e17ec0,0x0000000084300000)
 Metaspace       used 28117K, committed 28992K, reserved 1114112K
  class space    used 2790K, committed 3136K, reserved 1048576K
}
Event: 40.745 GC heap before
{Heap before GC invocations=12 (full 1):
 PSYoungGen      total 25088K, used 24603K [0x00000000d5580000, 0x00000000d7400000, 0x0000000100000000)
  eden space 23040K, 100% used [0x00000000d5580000,0x00000000d6c00000,0x00000000d6c00000)
  from space 2048K, 76% used [0x00000000d7200000,0x00000000d7386da0,0x00000000d7400000)
  to   space 2048K, 0% used [0x00000000d7000000,0x00000000d7000000,0x00000000d7200000)
 ParOldGen       total 68608K, used 14431K [0x0000000080000000, 0x0000000084300000, 0x00000000d5580000)
  object space 68608K, 21% used [0x0000000080000000,0x0000000080e17ec0,0x0000000084300000)
 Metaspace       used 31669K, committed 32640K, reserved 1114112K
  class space    used 3209K, committed 3584K, reserved 1048576K
}
Event: 40.748 GC heap after
{Heap after GC invocations=12 (full 1):
 PSYoungGen      total 24064K, used 1373K [0x00000000d5580000, 0x00000000d7280000, 0x0000000100000000)
  eden space 22528K, 0% used [0x00000000d5580000,0x00000000d5580000,0x00000000d6b80000)
  from space 1536K, 89% used [0x00000000d7000000,0x00000000d7157798,0x00000000d7180000)
  to   space 1024K, 0% used [0x00000000d7180000,0x00000000d7180000,0x00000000d7280000)
 ParOldGen       total 68608K, used 15817K [0x0000000080000000, 0x0000000084300000, 0x00000000d5580000)
  object space 68608K, 23% used [0x0000000080000000,0x0000000080f72478,0x0000000084300000)
 Metaspace       used 31669K, committed 32640K, reserved 1114112K
  class space    used 3209K, committed 3584K, reserved 1048576K
}
Event: 41.069 GC heap before
{Heap before GC invocations=13 (full 1):
 PSYoungGen      total 24064K, used 23893K [0x00000000d5580000, 0x00000000d7280000, 0x0000000100000000)
  eden space 22528K, 99% used [0x00000000d5580000,0x00000000d6b7de20,0x00000000d6b80000)
  from space 1536K, 89% used [0x00000000d7000000,0x00000000d7157798,0x00000000d7180000)
  to   space 1024K, 0% used [0x00000000d7180000,0x00000000d7180000,0x00000000d7280000)
 ParOldGen       total 68608K, used 15817K [0x0000000080000000, 0x0000000084300000, 0x00000000d5580000)
  object space 68608K, 23% used [0x0000000080000000,0x0000000080f72478,0x0000000084300000)
 Metaspace       used 33388K, committed 34368K, reserved 1114112K
  class space    used 3430K, committed 3840K, reserved 1048576K
}
Event: 41.072 GC heap after
{Heap after GC invocations=13 (full 1):
 PSYoungGen      total 23040K, used 896K [0x00000000d5580000, 0x00000000d7280000, 0x0000000100000000)
  eden space 22016K, 0% used [0x00000000d5580000,0x00000000d5580000,0x00000000d6b00000)
  from space 1024K, 87% used [0x00000000d7180000,0x00000000d7260000,0x00000000d7280000)
  to   space 1536K, 0% used [0x00000000d6f80000,0x00000000d6f80000,0x00000000d7100000)
 ParOldGen       total 68608K, used 17043K [0x0000000080000000, 0x0000000084300000, 0x00000000d5580000)
  object space 68608K, 24% used [0x0000000080000000,0x00000000810a4eb0,0x0000000084300000)
 Metaspace       used 33388K, committed 34368K, reserved 1114112K
  class space    used 3430K, committed 3840K, reserved 1048576K
}
Event: 41.258 GC heap before
{Heap before GC invocations=14 (full 1):
 PSYoungGen      total 23040K, used 17082K [0x00000000d5580000, 0x00000000d7280000, 0x0000000100000000)
  eden space 22016K, 73% used [0x00000000d5580000,0x00000000d654e848,0x00000000d6b00000)
  from space 1024K, 87% used [0x00000000d7180000,0x00000000d7260000,0x00000000d7280000)
  to   space 1536K, 0% used [0x00000000d6f80000,0x00000000d6f80000,0x00000000d7100000)
 ParOldGen       total 68608K, used 17043K [0x0000000080000000, 0x0000000084300000, 0x00000000d5580000)
  object space 68608K, 24% used [0x0000000080000000,0x00000000810a4eb0,0x0000000084300000)
 Metaspace       used 34825K, committed 35840K, reserved 1114112K
  class space    used 3605K, committed 4032K, reserved 1048576K
}
Event: 41.260 GC heap after
{Heap after GC invocations=14 (full 1):
 PSYoungGen      total 23552K, used 1225K [0x00000000d5580000, 0x00000000d7200000, 0x0000000100000000)
  eden space 22016K, 0% used [0x00000000d5580000,0x00000000d5580000,0x00000000d6b00000)
  from space 1536K, 79% used [0x00000000d6f80000,0x00000000d70b2710,0x00000000d7100000)
  to   space 1024K, 0% used [0x00000000d7100000,0x00000000d7100000,0x00000000d7200000)
 ParOldGen       total 68608K, used 17735K [0x0000000080000000, 0x0000000084300000, 0x00000000d5580000)
  object space 68608K, 25% used [0x0000000080000000,0x0000000081151d68,0x0000000084300000)
 Metaspace       used 34825K, committed 35840K, reserved 1114112K
  class space    used 3605K, committed 4032K, reserved 1048576K
}
Event: 41.260 GC heap before
{Heap before GC invocations=15 (full 2):
 PSYoungGen      total 23552K, used 1225K [0x00000000d5580000, 0x00000000d7200000, 0x0000000100000000)
  eden space 22016K, 0% used [0x00000000d5580000,0x00000000d5580000,0x00000000d6b00000)
  from space 1536K, 79% used [0x00000000d6f80000,0x00000000d70b2710,0x00000000d7100000)
  to   space 1024K, 0% used [0x00000000d7100000,0x00000000d7100000,0x00000000d7200000)
 ParOldGen       total 68608K, used 17735K [0x0000000080000000, 0x0000000084300000, 0x00000000d5580000)
  object space 68608K, 25% used [0x0000000080000000,0x0000000081151d68,0x0000000084300000)
 Metaspace       used 34825K, committed 35840K, reserved 1114112K
  class space    used 3605K, committed 4032K, reserved 1048576K
}
Event: 41.311 GC heap after
{Heap after GC invocations=15 (full 2):
 PSYoungGen      total 23552K, used 0K [0x00000000d5580000, 0x00000000d7200000, 0x0000000100000000)
  eden space 22016K, 0% used [0x00000000d5580000,0x00000000d5580000,0x00000000d6b00000)
  from space 1536K, 0% used [0x00000000d6f80000,0x00000000d6f80000,0x00000000d7100000)
  to   space 1024K, 0% used [0x00000000d7100000,0x00000000d7100000,0x00000000d7200000)
 ParOldGen       total 68608K, used 17938K [0x0000000080000000, 0x0000000084300000, 0x00000000d5580000)
  object space 68608K, 26% used [0x0000000080000000,0x0000000081184858,0x0000000084300000)
 Metaspace       used 34825K, committed 35840K, reserved 1114112K
  class space    used 3605K, committed 4032K, reserved 1048576K
}
Event: 41.645 GC heap before
{Heap before GC invocations=16 (full 2):
 PSYoungGen      total 23552K, used 22016K [0x00000000d5580000, 0x00000000d7200000, 0x0000000100000000)
  eden space 22016K, 100% used [0x00000000d5580000,0x00000000d6b00000,0x00000000d6b00000)
  from space 1536K, 0% used [0x00000000d6f80000,0x00000000d6f80000,0x00000000d7100000)
  to   space 1024K, 0% used [0x00000000d7100000,0x00000000d7100000,0x00000000d7200000)
 ParOldGen       total 68608K, used 17938K [0x0000000080000000, 0x0000000084300000, 0x00000000d5580000)
  object space 68608K, 26% used [0x0000000080000000,0x0000000081184858,0x0000000084300000)
 Metaspace       used 37362K, committed 38528K, reserved 1114112K
  class space    used 3931K, committed 4416K, reserved 1048576K
}
Event: 41.647 GC heap after
{Heap after GC invocations=16 (full 2):
 PSYoungGen      total 23040K, used 1012K [0x00000000d5580000, 0x00000000d7200000, 0x0000000100000000)
  eden space 22016K, 0% used [0x00000000d5580000,0x00000000d5580000,0x00000000d6b00000)
  from space 1024K, 98% used [0x00000000d7100000,0x00000000d71fd3e0,0x00000000d7200000)
  to   space 2560K, 0% used [0x00000000d6d00000,0x00000000d6d00000,0x00000000d6f80000)
 ParOldGen       total 68608K, used 18938K [0x0000000080000000, 0x0000000084300000, 0x00000000d5580000)
  object space 68608K, 27% used [0x0000000080000000,0x000000008127e858,0x0000000084300000)
 Metaspace       used 37362K, committed 38528K, reserved 1114112K
  class space    used 3931K, committed 4416K, reserved 1048576K
}
Event: 41.904 GC heap before
{Heap before GC invocations=17 (full 2):
 PSYoungGen      total 23040K, used 23028K [0x00000000d5580000, 0x00000000d7200000, 0x0000000100000000)
  eden space 22016K, 100% used [0x00000000d5580000,0x00000000d6b00000,0x00000000d6b00000)
  from space 1024K, 98% used [0x00000000d7100000,0x00000000d71fd3e0,0x00000000d7200000)
  to   space 2560K, 0% used [0x00000000d6d00000,0x00000000d6d00000,0x00000000d6f80000)
 ParOldGen       total 68608K, used 18938K [0x0000000080000000, 0x0000000084300000, 0x00000000d5580000)
  object space 68608K, 27% used [0x0000000080000000,0x000000008127e858,0x0000000084300000)
 Metaspace       used 39844K, committed 40896K, reserved 1114112K
  class space    used 4264K, committed 4736K, reserved 1048576K
}
Event: 41.907 GC heap after
{Heap after GC invocations=17 (full 2):
 PSYoungGen      total 24576K, used 1088K [0x00000000d5580000, 0x00000000d7180000, 0x0000000100000000)
  eden space 22016K, 0% used [0x00000000d5580000,0x00000000d5580000,0x00000000d6b00000)
  from space 2560K, 42% used [0x00000000d6d00000,0x00000000d6e10000,0x00000000d6f80000)
  to   space 1536K, 0% used [0x00000000d7000000,0x00000000d7000000,0x00000000d7180000)
 ParOldGen       total 68608K, used 19915K [0x0000000080000000, 0x0000000084300000, 0x00000000d5580000)
  object space 68608K, 29% used [0x0000000080000000,0x0000000081372fd0,0x0000000084300000)
 Metaspace       used 39844K, committed 40896K, reserved 1114112K
  class space    used 4264K, committed 4736K, reserved 1048576K
}
Event: 42.323 GC heap before
{Heap before GC invocations=18 (full 2):
 PSYoungGen      total 24576K, used 23104K [0x00000000d5580000, 0x00000000d7180000, 0x0000000100000000)
  eden space 22016K, 100% used [0x00000000d5580000,0x00000000d6b00000,0x00000000d6b00000)
  from space 2560K, 42% used [0x00000000d6d00000,0x00000000d6e10000,0x00000000d6f80000)
  to   space 1536K, 0% used [0x00000000d7000000,0x00000000d7000000,0x00000000d7180000)
 ParOldGen       total 68608K, used 19915K [0x0000000080000000, 0x0000000084300000, 0x00000000d5580000)
  object space 68608K, 29% used [0x0000000080000000,0x0000000081372fd0,0x0000000084300000)
 Metaspace       used 42183K, committed 43392K, reserved 1114112K
  class space    used 4568K, committed 5120K, reserved 1048576K
}
Event: 42.325 GC heap after
{Heap after GC invocations=18 (full 2):
 PSYoungGen      total 23552K, used 1536K [0x00000000d5580000, 0x00000000d7180000, 0x0000000100000000)
  eden space 22016K, 0% used [0x00000000d5580000,0x00000000d5580000,0x00000000d6b00000)
  from space 1536K, 100% used [0x00000000d7000000,0x00000000d7180000,0x00000000d7180000)
  to   space 3072K, 0% used [0x00000000d6b80000,0x00000000d6b80000,0x00000000d6e80000)
 ParOldGen       total 68608K, used 20811K [0x0000000080000000, 0x0000000084300000, 0x00000000d5580000)
  object space 68608K, 30% used [0x0000000080000000,0x0000000081452fe0,0x0000000084300000)
 Metaspace       used 42183K, committed 43392K, reserved 1114112K
  class space    used 4568K, committed 5120K, reserved 1048576K
}
Event: 42.957 GC heap before
{Heap before GC invocations=19 (full 2):
 PSYoungGen      total 23552K, used 23551K [0x00000000d5580000, 0x00000000d7180000, 0x0000000100000000)
  eden space 22016K, 99% used [0x00000000d5580000,0x00000000d6affc60,0x00000000d6b00000)
  from space 1536K, 100% used [0x00000000d7000000,0x00000000d7180000,0x00000000d7180000)
  to   space 3072K, 0% used [0x00000000d6b80000,0x00000000d6b80000,0x00000000d6e80000)
 ParOldGen       total 68608K, used 20811K [0x0000000080000000, 0x0000000084300000, 0x00000000d5580000)
  object space 68608K, 30% used [0x0000000080000000,0x0000000081452fe0,0x0000000084300000)
 Metaspace       used 44530K, committed 45760K, reserved 1114112K
  class space    used 4876K, committed 5440K, reserved 1048576K
}
Event: 42.961 GC heap after
{Heap after GC invocations=19 (full 2):
 PSYoungGen      total 25088K, used 1465K [0x00000000d5580000, 0x00000000d7080000, 0x0000000100000000)
  eden space 22016K, 0% used [0x00000000d5580000,0x00000000d5580000,0x00000000d6b00000)
  from space 3072K, 47% used [0x00000000d6b80000,0x00000000d6cee5e0,0x00000000d6e80000)
  to   space 2048K, 0% used [0x00000000d6e80000,0x00000000d6e80000,0x00000000d7080000)
 ParOldGen       total 68608K, used 22207K [0x0000000080000000, 0x0000000084300000, 0x00000000d5580000)
  object space 68608K, 32% used [0x0000000080000000,0x00000000815afcf0,0x0000000084300000)
 Metaspace       used 44530K, committed 45760K, reserved 1114112K
  class space    used 4876K, committed 5440K, reserved 1048576K
}
Event: 43.936 GC heap before
{Heap before GC invocations=20 (full 2):
 PSYoungGen      total 25088K, used 23481K [0x00000000d5580000, 0x00000000d7080000, 0x0000000100000000)
  eden space 22016K, 100% used [0x00000000d5580000,0x00000000d6b00000,0x00000000d6b00000)
  from space 3072K, 47% used [0x00000000d6b80000,0x00000000d6cee5e0,0x00000000d6e80000)
  to   space 2048K, 0% used [0x00000000d6e80000,0x00000000d6e80000,0x00000000d7080000)
 ParOldGen       total 68608K, used 22207K [0x0000000080000000, 0x0000000084300000, 0x00000000d5580000)
  object space 68608K, 32% used [0x0000000080000000,0x00000000815afcf0,0x0000000084300000)
 Metaspace       used 46436K, committed 47680K, reserved 1114112K
  class space    used 5073K, committed 5632K, reserved 1048576K
}
Event: 43.940 GC heap after
{Heap after GC invocations=20 (full 2):
 PSYoungGen      total 23040K, used 768K [0x00000000d5580000, 0x00000000d6f80000, 0x0000000100000000)
  eden space 22016K, 0% used [0x00000000d5580000,0x00000000d5580000,0x00000000d6b00000)
  from space 1024K, 75% used [0x00000000d6e80000,0x00000000d6f40000,0x00000000d6f80000)
  to   space 1536K, 0% used [0x00000000d6c80000,0x00000000d6c80000,0x00000000d6e00000)
 ParOldGen       total 68608K, used 23502K [0x0000000080000000, 0x0000000084300000, 0x00000000d5580000)
  object space 68608K, 34% used [0x0000000080000000,0x00000000816f3ab0,0x0000000084300000)
 Metaspace       used 46436K, committed 47680K, reserved 1114112K
  class space    used 5073K, committed 5632K, reserved 1048576K
}

Dll operation events (10 events):
Event: 0.272 Loaded shared library c:\Users\Lenovo\.cursor\extensions\redhat.java-1.50.0-win32-x64\jre\21.0.9-win32-x86_64\bin\java.dll
Event: 0.390 Loaded shared library c:\Users\Lenovo\.cursor\extensions\redhat.java-1.50.0-win32-x64\jre\21.0.9-win32-x86_64\bin\zip.dll
Event: 0.429 Loaded shared library C:\Users\Lenovo\.cursor\extensions\redhat.java-1.50.0-win32-x64\jre\21.0.9-win32-x86_64\bin\instrument.dll
Event: 0.437 Loaded shared library C:\Users\Lenovo\.cursor\extensions\redhat.java-1.50.0-win32-x64\jre\21.0.9-win32-x86_64\bin\net.dll
Event: 0.441 Loaded shared library C:\Users\Lenovo\.cursor\extensions\redhat.java-1.50.0-win32-x64\jre\21.0.9-win32-x86_64\bin\nio.dll
Event: 0.454 Loaded shared library C:\Users\Lenovo\.cursor\extensions\redhat.java-1.50.0-win32-x64\jre\21.0.9-win32-x86_64\bin\zip.dll
Event: 0.494 Loaded shared library C:\Users\Lenovo\.cursor\extensions\redhat.java-1.50.0-win32-x64\jre\21.0.9-win32-x86_64\bin\jimage.dll
Event: 0.736 Loaded shared library c:\Users\Lenovo\.cursor\extensions\redhat.java-1.50.0-win32-x64\jre\21.0.9-win32-x86_64\bin\verify.dll
Event: 12.120 Loaded shared library C:\Users\Lenovo\AppData\Roaming\Cursor\User\globalStorage\redhat.java\1.50.0\config_win\org.eclipse.equinox.launcher\org.eclipse.equinox.launcher.win32.win32.x86_64_1.2.1400.v20250801-0854\eclipse_11916.dll
Event: 37.590 Loaded shared library C:\Users\Lenovo\AppData\Local\Temp\jna--2022488749\jna11585417206606130099.dll

Deoptimization events (20 events):
Event: 43.057 Thread 0x000001e26f983910 DEOPT PACKING pc=0x000001e21ba8dbf4 sp=0x0000004e1bcfe600
Event: 43.057 Thread 0x000001e26f983910 DEOPT UNPACKING pc=0x000001e21b343aa2 sp=0x0000004e1bcfe5a8 mode 2
Event: 43.070 Thread 0x000001e26f983910 DEOPT PACKING pc=0x000001e2143fb13e sp=0x0000004e1bcfdfb0
Event: 43.070 Thread 0x000001e26f983910 DEOPT UNPACKING pc=0x000001e21b344242 sp=0x0000004e1bcfd4f0 mode 0
Event: 43.206 Thread 0x000001e270d8e990 DEOPT PACKING pc=0x000001e214105c46 sp=0x0000004e1d1fdc00
Event: 43.206 Thread 0x000001e270d8e990 DEOPT UNPACKING pc=0x000001e21b344242 sp=0x0000004e1d1fd180 mode 0
Event: 43.317 Thread 0x000001e270d8e990 Uncommon trap: trap_request=0xffffff45 fr.pc=0x000001e21baf814c relative=0x000000000000008c
Event: 43.317 Thread 0x000001e270d8e990 Uncommon trap: reason=unstable_if action=reinterpret pc=0x000001e21baf814c method=java.lang.invoke.DirectMethodHandle.ftypeKind(Ljava/lang/Class;)I @ 28 c2
Event: 43.317 Thread 0x000001e270d8e990 DEOPT PACKING pc=0x000001e21baf814c sp=0x0000004e1d1fdc60
Event: 43.318 Thread 0x000001e270d8e990 DEOPT UNPACKING pc=0x000001e21b343aa2 sp=0x0000004e1d1fdb70 mode 2
Event: 43.355 Thread 0x000001e26f9811b0 Uncommon trap: trap_request=0xffffff45 fr.pc=0x000001e21b9aaeb0 relative=0x00000000000005b0
Event: 43.355 Thread 0x000001e26f9811b0 Uncommon trap: reason=unstable_if action=reinterpret pc=0x000001e21b9aaeb0 method=java.lang.StringConcatHelper.simpleConcat(Ljava/lang/Object;Ljava/lang/Object;)Ljava/lang/String; @ 30 c2
Event: 43.355 Thread 0x000001e26f9811b0 DEOPT PACKING pc=0x000001e21b9aaeb0 sp=0x0000004e1c2fe100
Event: 43.355 Thread 0x000001e26f9811b0 DEOPT UNPACKING pc=0x000001e21b343aa2 sp=0x0000004e1c2fe0a8 mode 2
Event: 43.619 Thread 0x000001e26f9811b0 DEOPT PACKING pc=0x000001e214105c46 sp=0x0000004e1c2fe700
Event: 43.619 Thread 0x000001e26f9811b0 DEOPT UNPACKING pc=0x000001e21b344242 sp=0x0000004e1c2fdc80 mode 0
Event: 43.689 Thread 0x000001e26f9811b0 DEOPT PACKING pc=0x000001e2141a0fbd sp=0x0000004e1c2fe800
Event: 43.689 Thread 0x000001e26f9811b0 DEOPT UNPACKING pc=0x000001e21b344242 sp=0x0000004e1c2fdce0 mode 0
Event: 43.870 Thread 0x000001e26f9811b0 DEOPT PACKING pc=0x000001e214105c46 sp=0x0000004e1c2fe700
Event: 43.870 Thread 0x000001e26f9811b0 DEOPT UNPACKING pc=0x000001e21b344242 sp=0x0000004e1c2fdc80 mode 0

Classes loaded (20 events):
Event: 43.384 Loading class java/nio/file/FileTreeWalker$1
Event: 43.384 Loading class java/nio/file/FileTreeWalker$1 done
Event: 43.385 Loading class java/nio/file/FileTreeWalker$DirectoryNode
Event: 43.385 Loading class java/nio/file/FileTreeWalker$DirectoryNode done
Event: 43.385 Loading class java/nio/file/FileTreeWalker$Event
Event: 43.385 Loading class java/nio/file/FileTreeWalker$Event done
Event: 43.385 Loading class java/nio/file/FileTreeWalker$EventType
Event: 43.385 Loading class java/nio/file/FileTreeWalker$EventType done
Event: 43.385 Loading class java/nio/file/Files$3
Event: 43.385 Loading class java/nio/file/Files$3 done
Event: 43.386 Loading class sun/nio/fs/Globs
Event: 43.386 Loading class sun/nio/fs/Globs done
Event: 43.386 Loading class java/util/regex/Pattern$SliceU
Event: 43.387 Loading class java/util/regex/Pattern$SliceU done
Event: 43.387 Loading class sun/nio/fs/WindowsFileSystem$2
Event: 43.387 Loading class java/nio/file/PathMatcher
Event: 43.387 Loading class java/nio/file/PathMatcher done
Event: 43.387 Loading class sun/nio/fs/WindowsFileSystem$2 done
Event: 43.389 Loading class java/nio/file/FileVisitResult
Event: 43.390 Loading class java/nio/file/FileVisitResult done

Classes unloaded (7 events):
Event: 38.986 Thread 0x000001e210b33840 Unloading class 0x000001e2291a9400 'java/lang/invoke/LambdaForm$MH+0x000001e2291a9400'
Event: 38.986 Thread 0x000001e210b33840 Unloading class 0x000001e2291a9000 'java/lang/invoke/LambdaForm$MH+0x000001e2291a9000'
Event: 38.986 Thread 0x000001e210b33840 Unloading class 0x000001e2291a8c00 'java/lang/invoke/LambdaForm$MH+0x000001e2291a8c00'
Event: 38.986 Thread 0x000001e210b33840 Unloading class 0x000001e2291a8800 'java/lang/invoke/LambdaForm$MH+0x000001e2291a8800'
Event: 38.986 Thread 0x000001e210b33840 Unloading class 0x000001e2291a8400 'java/lang/invoke/LambdaForm$BMH+0x000001e2291a8400'
Event: 38.986 Thread 0x000001e210b33840 Unloading class 0x000001e2291a8000 'java/lang/invoke/LambdaForm$DMH+0x000001e2291a8000'
Event: 38.986 Thread 0x000001e210b33840 Unloading class 0x000001e2291a6c00 'java/lang/invoke/LambdaForm$DMH+0x000001e2291a6c00'

Classes redefined (0 events):
No events

Internal exceptions (20 events):
Event: 44.177 Thread 0x000001e26f9811b0 Exception <a 'sun/nio/fs/WindowsException'{0x00000000d5899250}> (0x00000000d5899250) 
thrown [s\src\hotspot\share\prims\jni.cpp, line 520]
Event: 44.177 Thread 0x000001e26f9811b0 Exception <a 'sun/nio/fs/WindowsException'{0x00000000d58998a8}> (0x00000000d58998a8) 
thrown [s\src\hotspot\share\prims\jni.cpp, line 520]
Event: 44.178 Thread 0x000001e26f9811b0 Exception <a 'sun/nio/fs/WindowsException'{0x00000000d5899f08}> (0x00000000d5899f08) 
thrown [s\src\hotspot\share\prims\jni.cpp, line 520]
Event: 44.178 Thread 0x000001e26f9811b0 Exception <a 'sun/nio/fs/WindowsException'{0x00000000d589a578}> (0x00000000d589a578) 
thrown [s\src\hotspot\share\prims\jni.cpp, line 520]
Event: 44.180 Thread 0x000001e26f9811b0 Exception <a 'sun/nio/fs/WindowsException'{0x00000000d589e150}> (0x00000000d589e150) 
thrown [s\src\hotspot\share\prims\jni.cpp, line 520]
Event: 44.180 Thread 0x000001e26f9811b0 Exception <a 'sun/nio/fs/WindowsException'{0x00000000d589e7d8}> (0x00000000d589e7d8) 
thrown [s\src\hotspot\share\prims\jni.cpp, line 520]
Event: 44.180 Thread 0x000001e26f9811b0 Exception <a 'sun/nio/fs/WindowsException'{0x00000000d589ee68}> (0x00000000d589ee68) 
thrown [s\src\hotspot\share\prims\jni.cpp, line 520]
Event: 44.180 Thread 0x000001e26f9811b0 Exception <a 'sun/nio/fs/WindowsException'{0x00000000d589f508}> (0x00000000d589f508) 
thrown [s\src\hotspot\share\prims\jni.cpp, line 520]
Event: 44.181 Thread 0x000001e26f9811b0 Exception <a 'sun/nio/fs/WindowsException'{0x00000000d58a3380}> (0x00000000d58a3380) 
thrown [s\src\hotspot\share\prims\jni.cpp, line 520]
Event: 44.181 Thread 0x000001e26f9811b0 Exception <a 'sun/nio/fs/WindowsException'{0x00000000d58a3a40}> (0x00000000d58a3a40) 
thrown [s\src\hotspot\share\prims\jni.cpp, line 520]
Event: 44.181 Thread 0x000001e26f9811b0 Exception <a 'sun/nio/fs/WindowsException'{0x00000000d58a4100}> (0x00000000d58a4100) 
thrown [s\src\hotspot\share\prims\jni.cpp, line 520]
Event: 44.181 Thread 0x000001e26f9811b0 Exception <a 'sun/nio/fs/WindowsException'{0x00000000d58a47e0}> (0x00000000d58a47e0) 
thrown [s\src\hotspot\share\prims\jni.cpp, line 520]
Event: 44.183 Thread 0x000001e26f9811b0 Exception <a 'sun/nio/fs/WindowsException'{0x00000000d58a89e0}> (0x00000000d58a89e0) 
thrown [s\src\hotspot\share\prims\jni.cpp, line 520]
Event: 44.183 Thread 0x000001e26f9811b0 Exception <a 'sun/nio/fs/WindowsException'{0x00000000d58a9060}> (0x00000000d58a9060) 
thrown [s\src\hotspot\share\prims\jni.cpp, line 520]
Event: 44.183 Thread 0x000001e26f9811b0 Exception <a 'sun/nio/fs/WindowsException'{0x00000000d58a96e0}> (0x00000000d58a96e0) 
thrown [s\src\hotspot\share\prims\jni.cpp, line 520]
Event: 44.184 Thread 0x000001e26f9811b0 Exception <a 'sun/nio/fs/WindowsException'{0x00000000d58a9d78}> (0x00000000d58a9d78) 
thrown [s\src\hotspot\share\prims\jni.cpp, line 520]
Event: 44.185 Thread 0x000001e26f9811b0 Exception <a 'sun/nio/fs/WindowsException'{0x00000000d58ae4e8}> (0x00000000d58ae4e8) 
thrown [s\src\hotspot\share\prims\jni.cpp, line 520]
Event: 44.185 Thread 0x000001e26f9811b0 Exception <a 'sun/nio/fs/WindowsException'{0x00000000d58aeba8}> (0x00000000d58aeba8) 
thrown [s\src\hotspot\share\prims\jni.cpp, line 520]
Event: 44.185 Thread 0x000001e26f9811b0 Exception <a 'sun/nio/fs/WindowsException'{0x00000000d58af268}> (0x00000000d58af268) 
thrown [s\src\hotspot\share\prims\jni.cpp, line 520]
Event: 44.185 Thread 0x000001e26f9811b0 Exception <a 'sun/nio/fs/WindowsException'{0x00000000d58af948}> (0x00000000d58af948) 
thrown [s\src\hotspot\share\prims\jni.cpp, line 520]

ZGC Phase Switch (0 events):
No events

VM Operations (20 events):
Event: 41.904 Executing VM operation: ParallelGCFailedAllocation (Allocation Failure)
Event: 41.907 Executing VM operation: ParallelGCFailedAllocation (Allocation Failure) done
Event: 42.257 Executing VM operation: HandshakeAllThreads (Deoptimize)
Event: 42.257 Executing VM operation: HandshakeAllThreads (Deoptimize) done
Event: 42.315 Executing VM operation: ICBufferFull
Event: 42.315 Executing VM operation: ICBufferFull done
Event: 42.323 Executing VM operation: ParallelGCFailedAllocation (Allocation Failure)
Event: 42.326 Executing VM operation: ParallelGCFailedAllocation (Allocation Failure) done
Event: 42.656 Executing VM operation: ICBufferFull
Event: 42.656 Executing VM operation: ICBufferFull done
Event: 42.957 Executing VM operation: ParallelGCFailedAllocation (Allocation Failure)
Event: 42.961 Executing VM operation: ParallelGCFailedAllocation (Allocation Failure) done
Event: 43.130 Executing VM operation: HandshakeAllThreads (Deoptimize)
Event: 43.131 Executing VM operation: HandshakeAllThreads (Deoptimize) done
Event: 43.936 Executing VM operation: ParallelGCFailedAllocation (Allocation Failure)
Event: 43.940 Executing VM operation: ParallelGCFailedAllocation (Allocation Failure) done
Event: 44.942 Executing VM operation: Cleanup
Event: 45.036 Executing VM operation: Cleanup done
Event: 46.039 Executing VM operation: Cleanup
Event: 46.039 Executing VM operation: Cleanup done

Memory protections (0 events):
No events

Nmethod flushes (20 events):
Event: 41.294 Thread 0x000001e210b33840 flushing  nmethod 0x000001e214413110
Event: 41.294 Thread 0x000001e210b33840 flushing  nmethod 0x000001e214413890
Event: 41.294 Thread 0x000001e210b33840 flushing  nmethod 0x000001e214440a90
Event: 41.294 Thread 0x000001e210b33840 flushing  nmethod 0x000001e214441e90
Event: 41.294 Thread 0x000001e210b33840 flushing  nmethod 0x000001e214442790
Event: 41.294 Thread 0x000001e210b33840 flushing  nmethod 0x000001e214444a10
Event: 41.294 Thread 0x000001e210b33840 flushing  nmethod 0x000001e214446210
Event: 41.294 Thread 0x000001e210b33840 flushing  nmethod 0x000001e214446990
Event: 41.294 Thread 0x000001e210b33840 flushing  nmethod 0x000001e214447f10
Event: 41.294 Thread 0x000001e210b33840 flushing  nmethod 0x000001e214448810
Event: 41.294 Thread 0x000001e210b33840 flushing  nmethod 0x000001e214449390
Event: 41.294 Thread 0x000001e210b33840 flushing  nmethod 0x000001e214449c10
Event: 41.294 Thread 0x000001e210b33840 flushing  nmethod 0x000001e21444ba90
Event: 41.294 Thread 0x000001e210b33840 flushing  nmethod 0x000001e21444ca90
Event: 41.294 Thread 0x000001e210b33840 flushing  nmethod 0x000001e21444d390
Event: 41.294 Thread 0x000001e210b33840 flushing  nmethod 0x000001e2144a2a90
Event: 41.294 Thread 0x000001e210b33840 flushing  nmethod 0x000001e2144a6310
Event: 41.294 Thread 0x000001e210b33840 flushing  nmethod 0x000001e2144b1490
Event: 41.294 Thread 0x000001e210b33840 flushing  nmethod 0x000001e2144f3310
Event: 41.294 Thread 0x000001e210b33840 flushing  nmethod 0x000001e214511f10

Events (20 events):
Event: 40.264 Thread 0x000001e26f983910 Thread added: 0x000001e26f983280
Event: 40.528 Thread 0x000001e26e41e4a0 Thread added: 0x000001e26f983fa0
Event: 41.127 Thread 0x000001e26f983280 Thread added: 0x000001e26f9811b0
Event: 41.232 Thread 0x000001e26f9811b0 Thread added: 0x000001e26f981840
Event: 41.312 Thread 0x000001e26f981840 Thread added: 0x000001e26f981ed0
Event: 41.312 Thread 0x000001e210b5de70 Thread added: 0x000001e26f23f770
Event: 41.498 Thread 0x000001e210bbfbb0 Thread added: 0x000001e26f982bf0
Event: 41.498 Thread 0x000001e210bbfbb0 Thread added: 0x000001e270d8c8c0
Event: 41.499 Thread 0x000001e210bbfbb0 Thread added: 0x000001e270d8ae80
Event: 41.503 Thread 0x000001e210bbfbb0 Thread added: 0x000001e270d8b510
Event: 41.504 Thread 0x000001e210bbfbb0 Thread added: 0x000001e270d8d5e0
Event: 41.507 Thread 0x000001e210bbfbb0 Thread added: 0x000001e270d8cf50
Event: 41.507 Thread 0x000001e210bbfbb0 Thread added: 0x000001e270d8a160
Event: 41.508 Thread 0x000001e210bbfbb0 Thread added: 0x000001e270d8bba0
Event: 41.508 Thread 0x000001e210bbfbb0 Thread added: 0x000001e270d8a7f0
Event: 41.595 Thread 0x000001e210bbfbb0 Thread added: 0x000001e270d8f020
Event: 41.848 Thread 0x000001e210bbfbb0 Thread added: 0x000001e270d8f6b0
Event: 41.848 Thread 0x000001e210bbfbb0 Thread added: 0x000001e270d8e990
Event: 43.100 Thread 0x000001e26f983910 Thread added: 0x000001e270d8e300
Event: 43.100 Thread 0x000001e270d8e300 Thread added: 0x000001e270d8fd40


Dynamic libraries:
0x00007ff66cc30000 - 0x00007ff66cc3e000 	c:\Users\Lenovo\.cursor\extensions\redhat.java-1.50.0-win32-x64\jre\21.0.9-win32-x86_64\bin\java.exe
0x00007ff8148a0000 - 0x00007ff814b07000 	C:\WINDOWS\SYSTEM32\ntdll.dll
0x00007ff813110000 - 0x00007ff8131d9000 	C:\WINDOWS\System32\KERNEL32.DLL
0x00007ff8120c0000 - 0x00007ff8124af000 	C:\WINDOWS\System32\KERNELBASE.dll
0x00007ff811ec0000 - 0x00007ff81200b000 	C:\WINDOWS\System32\ucrtbase.dll
0x00007ffffc2c0000 - 0x00007ffffc2d8000 	c:\Users\Lenovo\.cursor\extensions\redhat.java-1.50.0-win32-x64\jre\21.0.9-win32-x86_64\bin\jli.dll
0x00007ff814110000 - 0x00007ff8142d5000 	C:\WINDOWS\System32\USER32.dll
0x00007ffffc2a0000 - 0x00007ffffc2be000 	c:\Users\Lenovo\.cursor\extensions\redhat.java-1.50.0-win32-x64\jre\21.0.9-win32-x86_64\bin\VCRUNTIME140.dll
0x00007ffffb8b0000 - 0x00007ffffbb43000 	C:\WINDOWS\WinSxS\amd64_microsoft.windows.common-controls_6595b64144ccf1df_6.0.26100.7309_none_3e05feeae336a044\COMCTL32.dll
0x00007ff812ff0000 - 0x00007ff813099000 	C:\WINDOWS\System32\msvcrt.dll
0x00007ff811be0000 - 0x00007ff811c07000 	C:\WINDOWS\System32\win32u.dll
0x00007ff814740000 - 0x00007ff81476b000 	C:\WINDOWS\System32\GDI32.dll
0x00007ff8119f0000 - 0x00007ff811b1c000 	C:\WINDOWS\System32\gdi32full.dll
0x00007ff811e10000 - 0x00007ff811eb3000 	C:\WINDOWS\System32\msvcp_win.dll
0x00007ff8142e0000 - 0x00007ff814311000 	C:\WINDOWS\System32\IMM32.DLL
0x00007ff80c880000 - 0x00007ff80c88c000 	c:\Users\Lenovo\.cursor\extensions\redhat.java-1.50.0-win32-x64\jre\21.0.9-win32-x86_64\bin\vcruntime140_1.dll
0x00007fffb2b70000 - 0x00007fffb2bfd000 	c:\Users\Lenovo\.cursor\extensions\redhat.java-1.50.0-win32-x64\jre\21.0.9-win32-x86_64\bin\msvcp140.dll
0x00007fff983c0000 - 0x00007fff99160000 	c:\Users\Lenovo\.cursor\extensions\redhat.java-1.50.0-win32-x64\jre\21.0.9-win32-x86_64\bin\server\jvm.dll
0x00007ff812f30000 - 0x00007ff812fe4000 	C:\WINDOWS\System32\ADVAPI32.dll
0x00007ff8143b0000 - 0x00007ff814456000 	C:\WINDOWS\System32\sechost.dll
0x00007ff813730000 - 0x00007ff813848000 	C:\WINDOWS\System32\RPCRT4.dll
0x00007ff8133c0000 - 0x00007ff813434000 	C:\WINDOWS\System32\WS2_32.dll
0x00007ff811850000 - 0x00007ff8118ae000 	C:\WINDOWS\SYSTEM32\POWRPROF.dll
0x00007ff806da0000 - 0x00007ff806dd5000 	C:\WINDOWS\SYSTEM32\WINMM.dll
0x00007ff806b20000 - 0x00007ff806b2b000 	C:\WINDOWS\SYSTEM32\VERSION.dll
0x00007ff811830000 - 0x00007ff811844000 	C:\WINDOWS\SYSTEM32\UMPDC.dll
0x00007ff810760000 - 0x00007ff81077b000 	C:\WINDOWS\SYSTEM32\kernel.appcore.dll
0x00007ff803a80000 - 0x00007ff803a8a000 	c:\Users\Lenovo\.cursor\extensions\redhat.java-1.50.0-win32-x64\jre\21.0.9-win32-x86_64\bin\jimage.dll
0x00007ff805ed0000 - 0x00007ff806112000 	C:\WINDOWS\SYSTEM32\DBGHELP.DLL
0x00007ff813850000 - 0x00007ff813bd6000 	C:\WINDOWS\System32\combase.dll
0x00007ff8135e0000 - 0x00007ff8136b6000 	C:\WINDOWS\System32\OLEAUT32.dll
0x00007ffff8340000 - 0x00007ffff837c000 	C:\WINDOWS\SYSTEM32\dbgcore.DLL
0x00007ff812010000 - 0x00007ff8120b5000 	C:\WINDOWS\System32\bcryptPrimitives.dll
0x00007ff80e8c0000 - 0x00007ff80e8cf000 	c:\Users\Lenovo\.cursor\extensions\redhat.java-1.50.0-win32-x64\jre\21.0.9-win32-x86_64\bin\instrument.dll
0x00007ffffc0d0000 - 0x00007ffffc0f0000 	c:\Users\Lenovo\.cursor\extensions\redhat.java-1.50.0-win32-x64\jre\21.0.9-win32-x86_64\bin\java.dll
0x00007ff812640000 - 0x00007ff812d93000 	C:\WINDOWS\System32\SHELL32.dll
0x00007ff811c10000 - 0x00007ff811d7a000 	C:\WINDOWS\System32\wintypes.dll
0x00007ff80f5b0000 - 0x00007ff80fe0e000 	C:\WINDOWS\SYSTEM32\windows.storage.dll
0x00007ff8145d0000 - 0x00007ff8146c4000 	C:\WINDOWS\System32\SHCORE.dll
0x00007ff8136c0000 - 0x00007ff813726000 	C:\WINDOWS\System32\shlwapi.dll
0x00007ff811910000 - 0x00007ff811939000 	C:\WINDOWS\SYSTEM32\profapi.dll
0x00007ffffc0b0000 - 0x00007ffffc0c8000 	c:\Users\Lenovo\.cursor\extensions\redhat.java-1.50.0-win32-x64\jre\21.0.9-win32-x86_64\bin\zip.dll
0x00007ff803a50000 - 0x00007ff803a60000 	C:\Users\Lenovo\.cursor\extensions\redhat.java-1.50.0-win32-x64\jre\21.0.9-win32-x86_64\bin\net.dll
0x00007ff8069f0000 - 0x00007ff806b18000 	C:\WINDOWS\SYSTEM32\WINHTTP.dll
0x00007ff810cb0000 - 0x00007ff810d1b000 	C:\WINDOWS\system32\mswsock.dll
0x00007ffff9da0000 - 0x00007ffff9db6000 	C:\Users\Lenovo\.cursor\extensions\redhat.java-1.50.0-win32-x64\jre\21.0.9-win32-x86_64\bin\nio.dll
0x00007ffff6890000 - 0x00007ffff68a0000 	c:\Users\Lenovo\.cursor\extensions\redhat.java-1.50.0-win32-x64\jre\21.0.9-win32-x86_64\bin\verify.dll
0x00007ffff4b40000 - 0x00007ffff4b84000 	C:\Users\Lenovo\AppData\Roaming\Cursor\User\globalStorage\redhat.java\1.50.0\config_win\org.eclipse.equinox.launcher\org.eclipse.equinox.launcher.win32.win32.x86_64_1.2.1400.v20250801-0854\eclipse_11916.dll
0x00007ff813440000 - 0x00007ff8135d7000 	C:\WINDOWS\System32\ole32.dll
0x00007ff8110a0000 - 0x00007ff8110bb000 	C:\WINDOWS\SYSTEM32\CRYPTSP.dll
0x00007ff8106c0000 - 0x00007ff8106fa000 	C:\WINDOWS\system32\rsaenh.dll
0x00007ff810d60000 - 0x00007ff810d8b000 	C:\WINDOWS\SYSTEM32\USERENV.dll
0x00007ff8118e0000 - 0x00007ff81190a000 	C:\WINDOWS\SYSTEM32\bcrypt.dll
0x00007ff810f00000 - 0x00007ff810f0c000 	C:\WINDOWS\SYSTEM32\CRYPTBASE.dll
0x00007ff810150000 - 0x00007ff810184000 	C:\WINDOWS\SYSTEM32\IPHLPAPI.DLL
0x00007ff814320000 - 0x00007ff81432a000 	C:\WINDOWS\System32\NSI.dll
0x00007fffeb610000 - 0x00007fffeb659000 	C:\Users\Lenovo\AppData\Local\Temp\jna--2022488749\jna11585417206606130099.dll
0x00007ff812f20000 - 0x00007ff812f28000 	C:\WINDOWS\System32\PSAPI.DLL
0x00007ff80a990000 - 0x00007ff80a9ae000 	C:\WINDOWS\SYSTEM32\dhcpcsvc6.DLL
0x00007ff80a960000 - 0x00007ff80a983000 	C:\WINDOWS\SYSTEM32\dhcpcsvc.DLL

JVMTI agents:
c:\Users\Lenovo\.cursor\extensions\redhat.java-1.50.0-win32-x64\lombok\lombok-1.18.39-4050.jar path:c:\Users\Lenovo\.cursor\extensions\redhat.java-1.50.0-win32-x64\jre\21.0.9-win32-x86_64\bin\instrument.dll, loaded, initialized, instrumentlib options:none

dbghelp: loaded successfully - version: 4.0.5 - missing functions: none
symbol engine: initialized successfully - sym options: 0x614 - pdb path: .;c:\Users\Lenovo\.cursor\extensions\redhat.java-1.50.0-win32-x64\jre\21.0.9-win32-x86_64\bin;C:\WINDOWS\SYSTEM32;C:\WINDOWS\WinSxS\amd64_microsoft.windows.common-controls_6595b64144ccf1df_6.0.26100.7309_none_3e05feeae336a044;c:\Users\Lenovo\.cursor\extensions\redhat.java-1.50.0-win32-x64\jre\21.0.9-win32-x86_64\bin\server;C:\Users\Lenovo\AppData\Roaming\Cursor\User\globalStorage\redhat.java\1.50.0\config_win\org.eclipse.equinox.launcher\org.eclipse.equinox.launcher.win32.win32.x86_64_1.2.1400.v20250801-0854;C:\Users\Lenovo\AppData\Local\Temp\jna--2022488749

VM Arguments:
jvm_args: --add-modules=ALL-SYSTEM --add-opens=java.base/java.util=ALL-UNNAMED --add-opens=java.base/java.lang=ALL-UNNAMED --add-opens=java.base/sun.nio.fs=ALL-UNNAMED -Declipse.application=org.eclipse.jdt.ls.core.id1 -Dosgi.bundles.defaultStartLevel=4 -Declipse.product=org.eclipse.jdt.ls.core.product -Djava.import.generatesMetadataFilesAtProjectRoot=false -DDetectVMInstallationsJob.disabled=true -Dfile.encoding=utf8 -XX:+UseParallelGC -XX:GCTimeRatio=4 -XX:AdaptiveSizePolicyWeight=90 -Dsun.zip.disableMemoryMapping=true -Xmx2G -Xms100m -Xlog:disable -javaagent:c:\Users\Lenovo\.cursor\extensions\redhat.java-1.50.0-win32-x64\lombok\lombok-1.18.39-4050.jar -XX:+HeapDumpOnOutOfMemoryError -XX:HeapDumpPath=c:\Users\Lenovo\AppData\Roaming\Cursor\User\workspaceStorage\d4e517c99e0655b426f49b486ab692df\redhat.java -Daether.dependencyCollector.impl=bf 
java_command: c:\Users\Lenovo\.cursor\extensions\redhat.java-1.50.0-win32-x64\server\plugins\org.eclipse.equinox.launcher_1.7.100.v20251111-0406.jar -configuration c:\Users\Lenovo\AppData\Roaming\Cursor\User\globalStorage\redhat.java\1.50.0\config_win -data c:\Users\Lenovo\AppData\Roaming\Cursor\User\workspaceStorage\d4e517c99e0655b426f49b486ab692df\redhat.java\jdt_ws --pipe=\\.\pipe\lsp-ee07063e5b22ec4a8c0dadf04a9a57bf-sock
java_class_path (initial): c:\Users\Lenovo\.cursor\extensions\redhat.java-1.50.0-win32-x64\server\plugins\org.eclipse.equinox.launcher_1.7.100.v20251111-0406.jar
Launcher Type: SUN_STANDARD

[Global flags]
    uintx AdaptiveSizePolicyWeight                 = 90                                        {product} {command line}
     intx CICompilerCount                          = 4                                         {product} {ergonomic}
    uintx GCTimeRatio                              = 4                                         {product} {command line}
     bool HeapDumpOnOutOfMemoryError               = true                                   {manageable} {command line}
    ccstr HeapDumpPath                             = c:\Users\Lenovo\AppData\Roaming\Cursor\User\workspaceStorage\d4e517c99e0655b426f49b486ab692df\redhat.java         {manageable} {command line}
   size_t InitialHeapSize                          = 104857600                                 {product} {command line}
   size_t MaxHeapSize                              = 2147483648                                {product} {command line}
   size_t MaxNewSize                               = 715653120                                 {product} {ergonomic}
   size_t MinHeapDeltaBytes                        = 524288                                    {product} {ergonomic}
   size_t MinHeapSize                              = 104857600                                 {product} {command line}
   size_t NewSize                                  = 34603008                                  {product} {ergonomic}
    uintx NonNMethodCodeHeapSize                   = 5839372                                {pd product} {ergonomic}
    uintx NonProfiledCodeHeapSize                  = 122909434                              {pd product} {ergonomic}
   size_t OldSize                                  = 70254592                                  {product} {ergonomic}
    uintx ProfiledCodeHeapSize                     = 122909434                              {pd product} {ergonomic}
    uintx ReservedCodeCacheSize                    = 251658240                              {pd product} {ergonomic}
     bool SegmentedCodeCache                       = true                                      {product} {ergonomic}
   size_t SoftMaxHeapSize                          = 2147483648                             {manageable} {ergonomic}
     bool UseCompressedOops                        = true                           {product lp64_product} {ergonomic}
     bool UseLargePagesIndividualAllocation        = false                                  {pd product} {ergonomic}
     bool UseParallelGC                            = true                                      {product} {command line}

Logging:
Log output configuration:
 #0: stdout all=off uptime,level,tags foldmultilines=false
 #1: stderr all=off uptime,level,tags foldmultilines=false

Release file:
JAVA_VERSION="21.0.9" 
MODULES="java.base java.compiler java.datatransfer java.xml java.prefs java.desktop java.instrument java.logging java.management java.security.sasl java.naming java.rmi java.management.rmi java.net.http java.scripting java.security.jgss java.transaction.xa java.sql java.sql.rowset java.xml.crypto java.se java.smartcardio jdk.accessibility jdk.internal.jvmstat jdk.attach jdk.charsets jdk.internal.opt jdk.zipfs jdk.compiler jdk.crypto.ec jdk.crypto.cryptoki jdk.crypto.mscapi jdk.dynalink jdk.internal.ed jdk.editpad jdk.hotspot.agent jdk.httpserver jdk.internal.le jdk.internal.vm.ci jdk.internal.vm.compiler jdk.internal.vm.compiler.management jdk.jartool jdk.javadoc jdk.jcmd jdk.management jdk.management.agent jdk.jconsole jdk.jdeps jdk.jdwp.agent jdk.jdi jdk.jfr jdk.jshell jdk.jsobject jdk.jstatd jdk.localedata jdk.management.jfr jdk.naming.dns jdk.naming.rmi jdk.net jdk.nio.mapmode jdk.random jdk.sctp jdk.security.auth jdk.security.jgss jdk.unsupported jdk.unsupported.desktop jdk.xml.dom" 

Environment Variables:
JAVA_HOME=C:\Program Files\Java\jdk-17
PATH=C:\Program Files\Common Files\Oracle\Java\javapath;C:\Program Files (x86)\Common Files\Oracle\Java\java8path;C:\Program Files (x86)\Common Files\Oracle\Java\javapath;C:\Program Files\MySQL\MySQL Server 8.0\bin;C:\Users\Lenovo\AppData\Local\Programs\Python\Python311\Scripts\;C:\Users\Lenovo\AppData\Local\Programs\Python\Python311\;C:\WINDOWS\system32\config\systemprofile\AppData\Local\Microsoft\WindowsApps;C:\Users\Lenovo\AppData\Local\Programs\Microsoft VS Code\bin;C:\Users\Lenovo\AppData\Roaming\npm;C:\Program Files\MySQL\MySQL Server 8.0\bin\comerr64.dll;C:\Program Files\MySQL\MySQL Server 8.0;C:\Program Files\nodejs;C:\Windows\System32;C:\MinGW\bin;C:\WINDOWS\system32;C:\WINDOWS;C:\WINDOWS\System32\Wbem;C:\WINDOWS\System32\WindowsPowerShell\v1.0\;C:\WINDOWS\System32\OpenSSH\;C:\Program Files\Docker\Docker\resources\bin;C:\Program Files\Git\cmd;C:\Program Files\Git\mingw64\bin;C:\Program Files\Git\usr\bin;C:\Program Files\nodejs\;C:\flutter\bin;C:\Program Files (x86)\Windows Kits\10\Windows Performance Toolkit\;C:\Users\Lenovo\AppData\Local\Android\Sdk\platform-tools\;C:\Users\Lenovo\AppData\Local\Android\Sdk\cmdline-tools\latest\bin;C:\Program Files\CMake\bin;C:\Program Files\Java\jdk-17\bin;C:\Program Files\PostgreSQL\17\bin;C:\Program Files\Amazon\AWSCLIV2\;C:\Program Files\Common Files\Oracle\Java\javapath;C:\Program Files (x86)\Common Files\Oracle\Java\java8path;C:\Program Files (x86)\Common Files\Oracle\Java\javapath;C:\Program Files\MySQL\MySQL Server 8.0\bin;C:\Users\Lenovo\AppData\Local\Programs\Python\Python311\Scripts\;C:\Users\Lenovo\AppData\Local\Programs\Python\Python311\;C:\WINDOWS\system32\config\systemprofile\AppData\Local\Microsoft\WindowsApps;C:\Users\Lenovo\AppData\Local\Programs\Microsoft VS Code\bin;C:\Users\Lenovo\AppData\Roaming\npm;C:\Program Files\MySQL\MySQL Server 8.0\bin\comerr64.dll;C:\Program Files\MySQL\MySQL Server 8.0;C:\Program Files\nodejs;C:\Windows\System32;C:\MinGW\bin;C:\WINDOWS\system32;C:\WINDOWS;C:\WINDOWS\System32\Wbem;C:\WINDOWS\System32\WindowsPowerShell\v1.0\;C:\WINDOWS\System32\OpenSSH\;C:\Program Files\Docker\Docker\resources\bin;C:\Program Files\Git\cmd;C:\Program Files\Git\mingw64\bin;C:\Program Files\Git\usr\bin;C:\Program Files\nodejs\;C:\flutter\bin;C:\Program Files (x86)\Windows Kits\10\Windows Performance Tool;C:\Users\Lenovo\.local\bin;C:\Users\Lenovo\AppData\Local\Programs\cursor\resources\app\bin
USERNAME=Lenovo
OS=Windows_NT
PROCESSOR_IDENTIFIER=AMD64 Family 23 Model 160 Stepping 0, AuthenticAMD
TMP=C:\Users\Lenovo\AppData\Local\Temp
TEMP=C:\Users\Lenovo\AppData\Local\Temp




Periodic native trim disabled

---------------  S Y S T E M  ---------------

OS:
 Windows 11 , 64 bit Build 26100 (10.0.26100.7309)
OS uptime: 1 days 3:39 hours
Hyper-V role detected

CPU: total 8 (initial active 8) (8 cores per cpu, 2 threads per core) family 23 model 160 stepping 0 microcode 0x8a00006, cx8, cmov, fxsr, ht, mmx, 3dnowpref, sse, sse2, sse3, ssse3, sse4a, sse4.1, sse4.2, popcnt, lzcnt, tsc, tscinvbit, avx, avx2, aes, clmul, bmi1, bmi2, adx, sha, fma, vzeroupper, clflush, clflushopt, hv, rdtscp, rdpid, f16c
Processor Information for the first 8 processors :
  Max Mhz: 2401, Current Mhz: 2401, Mhz Limit: 2401

Memory: 4k page, system-wide physical 5965M (588M free)
TotalPageFile size 24397M (AvailPageFile size 4M)
current process WorkingSet (physical memory assigned to process): 237M, peak: 246M
current process commit charge ("private bytes"): 370M, peak: 378M

vm_info: OpenJDK 64-Bit Server VM (21.0.9+10-LTS) for windows-amd64 JRE (21.0.9+10-LTS), built on 2025-10-21T00:00:00Z by "admin" with unknown MS VC++:1942

END.
